<?xml version="1.0" encoding="UTF-8"?>
<!-- Generated by org.testng.reporters.JUnitReportReporter -->
<testsuite hostname="DESKTOP-SI9HRG8" failures="0" tests="1" name="testNGPractice.Prop" time="0.025" errors="0" timestamp="2022-09-11T22:18:28 IST" skipped="0">
  <testcase classname="testNGPractice.Prop" name="test" time="0.025"/>
  <system-out/>
</testsuite> <!-- testNGPractice.Prop -->
