<?xml version="1.0" encoding="UTF-8"?>
<!-- Generated by org.testng.reporters.JUnitReportReporter -->
<testsuite hostname="DESKTOP-SI9HRG8" failures="0" tests="1" name="testNGPractice.GoogleTask" time="29.899" errors="0" timestamp="2022-09-04T14:53:57 IST" skipped="0">
  <testcase classname="testNGPractice.GoogleTask" name="demo" time="29.899"/>
  <system-out/>
</testsuite> <!-- testNGPractice.GoogleTask -->
