<?xml version="1.0" encoding="UTF-8"?>
<!-- Generated by org.testng.reporters.JUnitReportReporter -->
<testsuite hostname="DESKTOP-SI9HRG8" failures="0" tests="3" name="testNGPractice.ProvidData" time="85.092" errors="0" timestamp="2022-09-07T19:36:13 IST" skipped="0">
  <testcase classname="testNGPractice.ProvidData" name="w3school" time="23.356"/>
  <system-out/>
  <testcase classname="testNGPractice.ProvidData" name="w3school" time="24.248"/>
  <system-out/>
  <testcase classname="testNGPractice.ProvidData" name="w3school" time="37.488"/>
  <system-out/>
</testsuite> <!-- testNGPractice.ProvidData -->
