<?xml version="1.0" encoding="UTF-8"?>
<!-- Generated by org.testng.reporters.JUnitReportReporter -->
<testsuite hostname="DESKTOP-SI9HRG8" failures="0" tests="2" name="testNGPractice.Parameterisation" time="100.182" errors="0" timestamp="2022-09-02T18:04:54 IST" skipped="0">
  <testcase classname="testNGPractice.Parameterisation" name="browserSet" time="57.238"/>
  <system-out/>
  <testcase classname="testNGPractice.Parameterisation" name="browserSet" time="42.944"/>
  <system-out/>
</testsuite> <!-- testNGPractice.Parameterisation -->
