<?xml version="1.0" encoding="UTF-8"?>
<!-- Generated by org.testng.reporters.JUnitReportReporter -->
<testsuite hostname="DESKTOP-SI9HRG8" failures="0" tests="1" name="testNGPractice.AnnotationDemo" time="1.259" errors="0" timestamp="2022-08-25T19:14:13 IST" skipped="0">
  <testcase classname="testNGPractice.AnnotationDemo" name="credential" time="1.259"/>
  <system-out/>
</testsuite> <!-- testNGPractice.AnnotationDemo -->
