<?xml version="1.0" encoding="UTF-8"?>
<!-- Generated by org.testng.reporters.JUnitReportReporter -->
<testsuite hostname="DESKTOP-SI9HRG8" failures="0" tests="1" name="MavenBatch42.sheetExcel" time="3.225" errors="0" timestamp="2022-09-08T21:22:38 IST" skipped="0">
  <testcase classname="MavenBatch42.sheetExcel" name="excel" time="3.225"/>
  <system-out/>
</testsuite> <!-- MavenBatch42.sheetExcel -->
